TN:
SF:src/modules/order/services/order.service.ts
FN:13,(anonymous_13)
FN:14,OrderService
FN:22,(anonymous_15)
FN:36,(anonymous_18)
FN:38,(anonymous_19)
FN:41,(anonymous_20)
FN:66,(anonymous_21)
FN:70,(anonymous_22)
FN:74,(anonymous_23)
FN:84,(anonymous_24)
FN:97,(anonymous_27)
FNF:11
FNH:11
FNDA:1,(anonymous_13)
FNDA:3,OrderService
FNDA:1,(anonymous_15)
FNDA:2,(anonymous_18)
FNDA:2,(anonymous_19)
FNDA:2,(anonymous_20)
FNDA:2,(anonymous_21)
FNDA:2,(anonymous_22)
FNDA:3,(anonymous_23)
FNDA:1,(anonymous_24)
FNDA:5,(anonymous_27)
DA:13,1
DA:15,3
DA:16,3
DA:17,3
DA:18,3
DA:19,3
DA:22,1
DA:29,1
DA:30,1
DA:31,1
DA:32,0
DA:35,1
DA:36,2
DA:38,1
DA:39,2
DA:41,1
DA:42,2
DA:43,0
DA:45,2
DA:46,0
DA:50,1
DA:54,1
DA:55,2
DA:56,2
DA:60,1
DA:63,1
DA:66,2
DA:70,1
DA:74,3
DA:75,2
DA:76,2
DA:84,1
DA:88,1
DA:89,1
DA:94,1
DA:97,1
DA:101,5
DA:102,0
DA:104,5
DA:106,1
LF:40
LH:36
BRDA:31,0,0,0
BRDA:31,0,1,1
BRDA:42,1,0,0
BRDA:42,1,1,2
BRDA:45,2,0,0
BRDA:45,2,1,2
BRDA:64,3,0,0
BRDA:64,3,1,1
BRDA:101,4,0,0
BRDA:101,4,1,5
BRF:10
BRH:5
end_of_record
